-------------------------------------------------------------------------------
Test set: com.stir.cscu9t4practical1.TrainingRecordGUITest
-------------------------------------------------------------------------------
Tests run: 5, Failures: 1, Errors: 0, Skipped: 0, Time elapsed: 0.29 sec <<< FAILURE!
com.stir.cscu9t4practical1.TrainingRecordGUITest.testAddEntry()  Time elapsed: 0.042 sec  <<< FAILURE!
java.lang.UnsupportedOperationException: Not supported yet.
	at com.stir.cscu9t4practical1.TrainingRecordGUI.addEntry(TrainingRecordGUI.java:169)
	at com.stir.cscu9t4practical1.TrainingRecordGUITest.testAddEntry(TrainingRecordGUITest.java:93)

