<?xml version="1.0" encoding="UTF-8" ?>
<testsuite tests="11" failures="3" name="com.stir.cscu9t4practical1.CycleEntryTest" time="0.05" errors="0" skipped="0">
  <properties>
    <property name="java.runtime.name" value="Java(TM) SE Runtime Environment"/>
    <property name="java.vm.version" value="18.0.2.1+1-1"/>
    <property name="sun.boot.library.path" value="C:\Program Files\Java\jdk-18.0.2.1\bin"/>
    <property name="maven.multiModuleProjectDirectory" value="C:\Users\mcchi\OneDrive\Documents\NetBeansProjects\CSCU9T4Practical1-master"/>
    <property name="java.vm.vendor" value="Oracle Corporation"/>
    <property name="java.vendor.url" value="https://java.oracle.com/"/>
    <property name="guice.disable.misplaced.annotation.check" value="true"/>
    <property name="path.separator" value=";"/>
    <property name="java.vm.name" value="Java HotSpot(TM) 64-Bit Server VM"/>
    <property name="sun.os.patch.level" value=""/>
    <property name="user.script" value=""/>
    <property name="user.country" value="US"/>
    <property name="sun.java.launcher" value="SUN_STANDARD"/>
    <property name="java.vm.specification.name" value="Java Virtual Machine Specification"/>
    <property name="user.dir" value="C:\Users\mcchi\OneDrive\Documents\NetBeansProjects\CSCU9T4Practical1-master"/>
    <property name="java.vm.compressedOopsMode" value="Zero based"/>
    <property name="java.runtime.version" value="18.0.2.1+1-1"/>
    <property name="os.arch" value="amd64"/>
    <property name="java.io.tmpdir" value="C:\Users\mcchi\AppData\Local\Temp\"/>
    <property name="line.separator" value="
"/>
    <property name="java.vm.specification.vendor" value="Oracle Corporation"/>
    <property name="user.variant" value=""/>
    <property name="os.name" value="Windows 11"/>
    <property name="maven.ext.class.path" value="C:\Program Files\NetBeans-17\netbeans\java\maven-nblib\netbeans-eventspy.jar"/>
    <property name="classworlds.conf" value="C:\Program Files\NetBeans-17\netbeans\java\maven\bin\m2.conf"/>
    <property name="sun.jnu.encoding" value="Cp1252"/>
    <property name="java.library.path" value="C:\Program Files\Java\jdk-18.0.2.1\bin;C:\WINDOWS\Sun\Java\bin;C:\WINDOWS\system32;C:\WINDOWS;C:\Program Files\Common Files\Oracle\Java\javapath;C:\Windows\system32;C:\Windows;C:\Windows\System32\Wbem;C:\Windows\System32\WindowsPowerShell\v1.0\;C:\Windows\System32\OpenSSH\;C:\Program Files (x86)\NVIDIA Corporation\PhysX\Common;C:\Program Files\NVIDIA Corporation\NVIDIA NvDLISR;C:\WINDOWS\system32;C:\WINDOWS;C:\WINDOWS\System32\Wbem;C:\WINDOWS\System32\WindowsPowerShell\v1.0\;C:\WINDOWS\System32\OpenSSH\;C:\Program Files\dotnet\;C:\Users\mcchi\AppData\Local\Microsoft\WindowsApps;C:\Users\mcchi\AppData\Local\Programs\Microsoft VS Code\bin;C:\MinGW\bin;;."/>
    <property name="maven.conf" value="C:\Program Files\NetBeans-17\netbeans\java\maven/conf"/>
    <property name="jdk.debug" value="release"/>
    <property name="java.class.version" value="62.0"/>
    <property name="java.specification.name" value="Java Platform API Specification"/>
    <property name="sun.management.compiler" value="HotSpot 64-Bit Tiered Compilers"/>
    <property name="os.version" value="10.0"/>
    <property name="library.jansi.path" value="C:\Program Files\NetBeans-17\netbeans\java\maven\lib\jansi-native"/>
    <property name="user.home" value="C:\Users\mcchi"/>
    <property name="user.timezone" value="Asia/Dubai"/>
    <property name="file.encoding" value="UTF-8"/>
    <property name="java.specification.version" value="18"/>
    <property name="user.name" value="mcchi"/>
    <property name="java.class.path" value="C:\Program Files\NetBeans-17\netbeans\java\maven\boot\plexus-classworlds-2.6.0.jar"/>
    <property name="java.vm.specification.version" value="18"/>
    <property name="sun.arch.data.model" value="64"/>
    <property name="sun.java.command" value="org.codehaus.plexus.classworlds.launcher.Launcher -Dmaven.ext.class.path=C:\Program Files\NetBeans-17\netbeans\java\maven-nblib\netbeans-eventspy.jar --no-transfer-progress test"/>
    <property name="java.home" value="C:\Program Files\Java\jdk-18.0.2.1"/>
    <property name="user.language" value="en"/>
    <property name="java.specification.vendor" value="Oracle Corporation"/>
    <property name="java.vm.info" value="mixed mode, sharing"/>
    <property name="java.version" value="18.0.2.1"/>
    <property name="native.encoding" value="Cp1252"/>
    <property name="java.vendor" value="Oracle Corporation"/>
    <property name="maven.home" value="C:\Program Files\NetBeans-17\netbeans\java\maven"/>
    <property name="file.separator" value="\"/>
    <property name="java.version.date" value="2022-08-18"/>
    <property name="java.vendor.url.bug" value="https://bugreport.java.com/bugreport/"/>
    <property name="sun.io.unicode.encoding" value="UnicodeLittle"/>
    <property name="sun.cpu.endian" value="little"/>
    <property name="sun.cpu.isalist" value="amd64"/>
  </properties>
  <testcase classname="com.stir.cscu9t4practical1.CycleEntryTest" name="com.stir.cscu9t4practical1.CycleEntryTest.testGetMonth" time="0.027"/>
  <testcase classname="com.stir.cscu9t4practical1.CycleEntryTest" name="com.stir.cscu9t4practical1.CycleEntryTest.testGetYear" time="0"/>
  <testcase classname="com.stir.cscu9t4practical1.CycleEntryTest" name="com.stir.cscu9t4practical1.CycleEntryTest.testGetDay" time="0"/>
  <testcase classname="com.stir.cscu9t4practical1.CycleEntryTest" name="com.stir.cscu9t4practical1.CycleEntryTest.testGetName" time="0.001"/>
  <testcase classname="com.stir.cscu9t4practical1.CycleEntryTest" name="com.stir.cscu9t4practical1.CycleEntryTest.testGetTempo" time="0.008">
    <failure message="expected: &lt;moderate&gt; but was: &lt;5.372222222222223&gt;" type="org.opentest4j.AssertionFailedError">org.opentest4j.AssertionFailedError: expected: &lt;moderate&gt; but was: &lt;5.372222222222223&gt;
	at org.junit.jupiter.api.AssertionUtils.fail(AssertionUtils.java:55)
	at org.junit.jupiter.api.AssertionUtils.failNotEqual(AssertionUtils.java:62)
	at org.junit.jupiter.api.AssertEquals.assertEquals(AssertEquals.java:182)
	at org.junit.jupiter.api.AssertEquals.assertEquals(AssertEquals.java:177)
	at org.junit.jupiter.api.Assertions.assertEquals(Assertions.java:1124)
	at com.stir.cscu9t4practical1.CycleEntryTest.testGetTempo(CycleEntryTest.java:157)
</failure>
    <system-out>getTempo
</system-out>
  </testcase>
  <testcase classname="com.stir.cscu9t4practical1.CycleEntryTest" name="com.stir.cscu9t4practical1.CycleEntryTest.testGetDistance" time="0"/>
  <testcase classname="com.stir.cscu9t4practical1.CycleEntryTest" name="com.stir.cscu9t4practical1.CycleEntryTest.testGetTerrain" time="0">
    <failure message="expected: &lt;asphalt&gt; but was: &lt;Mixed Terrain&gt;" type="org.opentest4j.AssertionFailedError">org.opentest4j.AssertionFailedError: expected: &lt;asphalt&gt; but was: &lt;Mixed Terrain&gt;
	at org.junit.jupiter.api.AssertionUtils.fail(AssertionUtils.java:55)
	at org.junit.jupiter.api.AssertionUtils.failNotEqual(AssertionUtils.java:62)
	at org.junit.jupiter.api.AssertEquals.assertEquals(AssertEquals.java:182)
	at org.junit.jupiter.api.AssertEquals.assertEquals(AssertEquals.java:177)
	at org.junit.jupiter.api.Assertions.assertEquals(Assertions.java:1124)
	at com.stir.cscu9t4practical1.CycleEntryTest.testGetTerrain(CycleEntryTest.java:145)
</failure>
    <system-out>getTerrain
</system-out>
  </testcase>
  <testcase classname="com.stir.cscu9t4practical1.CycleEntryTest" name="com.stir.cscu9t4practical1.CycleEntryTest.testGetEntry" time="0.014">
    <failure message="expected: &lt;Alice cycled 3.0 km in 0:16:7 on 1/2/2003 on asphalt at moderate tempo
&gt; but was: &lt;Alice cycled 3.0 km in 0:16:7 on 1/2/2003 at asphalt
&gt;" type="org.opentest4j.AssertionFailedError">org.opentest4j.AssertionFailedError: expected: &lt;Alice cycled 3.0 km in 0:16:7 on 1/2/2003 on asphalt at moderate tempo
&gt; but was: &lt;Alice cycled 3.0 km in 0:16:7 on 1/2/2003 at asphalt
&gt;
	at org.junit.jupiter.api.AssertionUtils.fail(AssertionUtils.java:55)
	at org.junit.jupiter.api.AssertionUtils.failNotEqual(AssertionUtils.java:62)
	at org.junit.jupiter.api.AssertEquals.assertEquals(AssertEquals.java:182)
	at org.junit.jupiter.api.AssertEquals.assertEquals(AssertEquals.java:177)
	at org.junit.jupiter.api.Assertions.assertEquals(Assertions.java:1124)
	at com.stir.cscu9t4practical1.CycleEntryTest.testGetEntry(CycleEntryTest.java:169)
</failure>
    <system-out>getEntry
</system-out>
  </testcase>
  <testcase classname="com.stir.cscu9t4practical1.CycleEntryTest" name="com.stir.cscu9t4practical1.CycleEntryTest.testGetSec" time="0"/>
  <testcase classname="com.stir.cscu9t4practical1.CycleEntryTest" name="com.stir.cscu9t4practical1.CycleEntryTest.testGetHour" time="0"/>
  <testcase classname="com.stir.cscu9t4practical1.CycleEntryTest" name="com.stir.cscu9t4practical1.CycleEntryTest.testGetMin" time="0"/>
</testsuite>