<?xml version="1.0" encoding="UTF-8" ?>
<testsuite tests="11" failures="2" name="com.stir.cscu9t4practical1.SprintEntryTest" time="0.008" errors="0" skipped="0">
  <properties>
[...]
</properties>
  <testcase classname="com.stir.cscu9t4practical1.SprintEntryTest" name="com.stir.cscu9t4practical1.SprintEntryTest.testGetMonth" time="0"/>
  <testcase classname="com.stir.cscu9t4practical1.SprintEntryTest" name="com.stir.cscu9t4practical1.SprintEntryTest.testGetYear" time="0"/>
  <testcase classname="com.stir.cscu9t4practical1.SprintEntryTest" name="com.stir.cscu9t4practical1.SprintEntryTest.testGetDay" time="0"/>
  <testcase classname="com.stir.cscu9t4practical1.SprintEntryTest" name="com.stir.cscu9t4practical1.SprintEntryTest.testGetName" time="0"/>
  <testcase classname="com.stir.cscu9t4practical1.SprintEntryTest" name="com.stir.cscu9t4practical1.SprintEntryTest.testGetDistance" time="0.001">
    <failure message="expected: &lt;3.0&gt; but was: &lt;300.0&gt;" type="org.opentest4j.AssertionFailedError">org.opentest4j.AssertionFailedError: expected: &lt;3.0&gt; but was: &lt;300.0&gt;
	at org.junit.jupiter.api.AssertionUtils.fail(AssertionUtils.java:55)
	at org.junit.jupiter.api.AssertionUtils.failNotEqual(AssertionUtils.java:62)
	at org.junit.jupiter.api.AssertEquals.assertEquals(AssertEquals.java:86)
	at org.junit.jupiter.api.AssertEquals.assertEquals(AssertEquals.java:81)
	at org.junit.jupiter.api.Assertions.assertEquals(Assertions.java:993)
	at com.stir.cscu9t4practical1.SprintEntryTest.testGetDistance(SprintEntryTest.java:132)
</failure>
    <system-out>getDistance
</system-out>
  </testcase>
  <testcase classname="com.stir.cscu9t4practical1.SprintEntryTest" name="com.stir.cscu9t4practical1.SprintEntryTest.testGetEntry" time="0.007">
    <failure message="expected: &lt;Alice sprinted 4x300m in 0:16:7 with 2 minutes recovery on 1/2/2003
&gt; but was: &lt;Alice sprinted 300.0 km in 0:16:7 with 4 repetitions, and 2 minutes recovery on 1/2/2003
&gt;" type="org.opentest4j.AssertionFailedError">org.opentest4j.AssertionFailedError: expected: &lt;Alice sprinted 4x300m in 0:16:7 with 2 minutes recovery on 1/2/2003
&gt; but was: &lt;Alice sprinted 300.0 km in 0:16:7 with 4 repetitions, and 2 minutes recovery on 1/2/2003
&gt;
	at org.junit.jupiter.api.AssertionUtils.fail(AssertionUtils.java:55)
	at org.junit.jupiter.api.AssertionUtils.failNotEqual(AssertionUtils.java:62)
	at org.junit.jupiter.api.AssertEquals.assertEquals(AssertEquals.java:182)
	at org.junit.jupiter.api.AssertEquals.assertEquals(AssertEquals.java:177)
	at org.junit.jupiter.api.Assertions.assertEquals(Assertions.java:1124)
	at com.stir.cscu9t4practical1.SprintEntryTest.testGetEntry(SprintEntryTest.java:169)
</failure>
    <system-out>getEntry
</system-out>
  </testcase>
  <testcase classname="com.stir.cscu9t4practical1.SprintEntryTest" name="com.stir.cscu9t4practical1.SprintEntryTest.testGetSec" time="0"/>
  <testcase classname="com.stir.cscu9t4practical1.SprintEntryTest" name="com.stir.cscu9t4practical1.SprintEntryTest.testGetHour" time="0"/>
  <testcase classname="com.stir.cscu9t4practical1.SprintEntryTest" name="com.stir.cscu9t4practical1.SprintEntryTest.testGetMin" time="0"/>
  <testcase classname="com.stir.cscu9t4practical1.SprintEntryTest" name="com.stir.cscu9t4practical1.SprintEntryTest.testGetRepetitions" time="0"/>
  <testcase classname="com.stir.cscu9t4practical1.SprintEntryTest" name="com.stir.cscu9t4practical1.SprintEntryTest.testGetRecovery" time="0"/>
</testsuite>