<?xml version="1.0" encoding="UTF-8" ?>
<testsuite tests="11" failures="3" name="com.stir.cscu9t4practical1.CycleEntryTest" time="0.05" errors="0" skipped="0">
  <properties>
[...]
</properties>
  <testcase classname="com.stir.cscu9t4practical1.CycleEntryTest" name="com.stir.cscu9t4practical1.CycleEntryTest.testGetMonth" time="0.027"/>
  <testcase classname="com.stir.cscu9t4practical1.CycleEntryTest" name="com.stir.cscu9t4practical1.CycleEntryTest.testGetYear" time="0"/>
  <testcase classname="com.stir.cscu9t4practical1.CycleEntryTest" name="com.stir.cscu9t4practical1.CycleEntryTest.testGetDay" time="0"/>
  <testcase classname="com.stir.cscu9t4practical1.CycleEntryTest" name="com.stir.cscu9t4practical1.CycleEntryTest.testGetName" time="0.001"/>
  <testcase classname="com.stir.cscu9t4practical1.CycleEntryTest" name="com.stir.cscu9t4practical1.CycleEntryTest.testGetTempo" time="0.008">
    <failure message="expected: &lt;moderate&gt; but was: &lt;5.372222222222223&gt;" type="org.opentest4j.AssertionFailedError">org.opentest4j.AssertionFailedError: expected: &lt;moderate&gt; but was: &lt;5.372222222222223&gt;
	at org.junit.jupiter.api.AssertionUtils.fail(AssertionUtils.java:55)
	at org.junit.jupiter.api.AssertionUtils.failNotEqual(AssertionUtils.java:62)
	at org.junit.jupiter.api.AssertEquals.assertEquals(AssertEquals.java:182)
	at org.junit.jupiter.api.AssertEquals.assertEquals(AssertEquals.java:177)
	at org.junit.jupiter.api.Assertions.assertEquals(Assertions.java:1124)
	at com.stir.cscu9t4practical1.CycleEntryTest.testGetTempo(CycleEntryTest.java:157)
</failure>
    <system-out>getTempo
</system-out>
  </testcase>
  <testcase classname="com.stir.cscu9t4practical1.CycleEntryTest" name="com.stir.cscu9t4practical1.CycleEntryTest.testGetDistance" time="0"/>
  <testcase classname="com.stir.cscu9t4practical1.CycleEntryTest" name="com.stir.cscu9t4practical1.CycleEntryTest.testGetTerrain" time="0">
    <failure message="expected: &lt;asphalt&gt; but was: &lt;Mixed Terrain&gt;" type="org.opentest4j.AssertionFailedError">org.opentest4j.AssertionFailedError: expected: &lt;asphalt&gt; but was: &lt;Mixed Terrain&gt;
	at org.junit.jupiter.api.AssertionUtils.fail(AssertionUtils.java:55)
	at org.junit.jupiter.api.AssertionUtils.failNotEqual(AssertionUtils.java:62)
	at org.junit.jupiter.api.AssertEquals.assertEquals(AssertEquals.java:182)
	at org.junit.jupiter.api.AssertEquals.assertEquals(AssertEquals.java:177)
	at org.junit.jupiter.api.Assertions.assertEquals(Assertions.java:1124)
	at com.stir.cscu9t4practical1.CycleEntryTest.testGetTerrain(CycleEntryTest.java:145)
</failure>
    <system-out>getTerrain
</system-out>
  </testcase>
  <testcase classname="com.stir.cscu9t4practical1.CycleEntryTest" name="com.stir.cscu9t4practical1.CycleEntryTest.testGetEntry" time="0.014">
    <failure message="expected: &lt;Alice cycled 3.0 km in 0:16:7 on 1/2/2003 on asphalt at moderate tempo
&gt; but was: &lt;Alice cycled 3.0 km in 0:16:7 on 1/2/2003 at asphalt
&gt;" type="org.opentest4j.AssertionFailedError">org.opentest4j.AssertionFailedError: expected: &lt;Alice cycled 3.0 km in 0:16:7 on 1/2/2003 on asphalt at moderate tempo
&gt; but was: &lt;Alice cycled 3.0 km in 0:16:7 on 1/2/2003 at asphalt
&gt;
	at org.junit.jupiter.api.AssertionUtils.fail(AssertionUtils.java:55)
	at org.junit.jupiter.api.AssertionUtils.failNotEqual(AssertionUtils.java:62)
	at org.junit.jupiter.api.AssertEquals.assertEquals(AssertEquals.java:182)
	at org.junit.jupiter.api.AssertEquals.assertEquals(AssertEquals.java:177)
	at org.junit.jupiter.api.Assertions.assertEquals(Assertions.java:1124)
	at com.stir.cscu9t4practical1.CycleEntryTest.testGetEntry(CycleEntryTest.java:169)
</failure>
    <system-out>getEntry
</system-out>
  </testcase>
  <testcase classname="com.stir.cscu9t4practical1.CycleEntryTest" name="com.stir.cscu9t4practical1.CycleEntryTest.testGetSec" time="0"/>
  <testcase classname="com.stir.cscu9t4practical1.CycleEntryTest" name="com.stir.cscu9t4practical1.CycleEntryTest.testGetHour" time="0"/>
  <testcase classname="com.stir.cscu9t4practical1.CycleEntryTest" name="com.stir.cscu9t4practical1.CycleEntryTest.testGetMin" time="0"/>
</testsuite>